WARNING:werkzeug: * Debugger is active!
WARNING:werkzeug: * Debugger is active!
INFO:werkzeug: * Debugger PIN: 684-407-663
INFO:werkzeug: * Debugger PIN: 684-407-663
ERROR:app:Exception on /predict [POST]
Traceback (most recent call last):
  File "C:\Python310\lib\site-packages\flask\app.py", line 2528, in wsgi_app
    response = self.full_dispatch_request()
  File "C:\Python310\lib\site-packages\flask\app.py", line 1825, in full_dispatch_request
    rv = self.handle_user_exception(e)
  File "C:\Python310\lib\site-packages\flask\app.py", line 1823, in full_dispatch_request
    rv = self.dispatch_request()
  File "C:\Python310\lib\site-packages\flask\app.py", line 1799, in dispatch_request
    return self.ensure_sync(self.view_functions[rule.endpoint])(**view_args)
  File "C:\Users\Decideom\Desktop\projet_big_data\equipe1-projetbigdatabi2022\Application\app.py", line 18, in predict
    surface_habitable = request.form['surface_habitable']
NameError: name 'request' is not defined
INFO:werkzeug:127.0.0.1 - - [06/Mar/2023 21:18:36] "[35m[1mPOST /predict HTTP/1.1[0m" 500 -
ERROR:app:Exception on /predict [POST]
Traceback (most recent call last):
  File "C:\Python310\lib\site-packages\flask\app.py", line 2528, in wsgi_app
    response = self.full_dispatch_request()
  File "C:\Python310\lib\site-packages\flask\app.py", line 1825, in full_dispatch_request
    rv = self.handle_user_exception(e)
  File "C:\Python310\lib\site-packages\flask\app.py", line 1823, in full_dispatch_request
    rv = self.dispatch_request()
  File "C:\Python310\lib\site-packages\flask\app.py", line 1799, in dispatch_request
    return self.ensure_sync(self.view_functions[rule.endpoint])(**view_args)
  File "C:\Users\Decideom\Desktop\projet_big_data\equipe1-projetbigdatabi2022\Application\app.py", line 18, in predict
    surface_habitable = request.form['surface_habitable']
NameError: name 'request' is not defined
INFO:werkzeug:127.0.0.1 - - [06/Mar/2023 21:18:38] "[35m[1mPOST /predict HTTP/1.1[0m" 500 -
INFO:werkzeug:127.0.0.1 - - [06/Mar/2023 21:18:41] "GET / HTTP/1.1" 200 -
INFO:werkzeug: * Detected change in 'C:\\Users\\Decideom\\Desktop\\projet_big_data\\equipe1-projetbigdatabi2022\\Application\\app.py', reloading
INFO:werkzeug: * Detected change in 'C:\\Users\\Decideom\\Desktop\\projet_big_data\\equipe1-projetbigdatabi2022\\Application\\app.py', reloading
WARNING:werkzeug: * Debugger is active!
WARNING:werkzeug: * Debugger is active!
INFO:werkzeug: * Debugger PIN: 684-407-663
INFO:werkzeug: * Debugger PIN: 684-407-663
INFO:werkzeug:127.0.0.1 - - [06/Mar/2023 21:18:52] "GET / HTTP/1.1" 200 -
INFO:werkzeug:127.0.0.1 - - [06/Mar/2023 21:18:53] "GET / HTTP/1.1" 200 -
INFO:werkzeug:127.0.0.1 - - [06/Mar/2023 21:18:54] "GET / HTTP/1.1" 200 -
INFO:werkzeug:127.0.0.1 - - [06/Mar/2023 21:19:00] "GET / HTTP/1.1" 200 -
INFO:werkzeug:127.0.0.1 - - [06/Mar/2023 21:19:01] "GET / HTTP/1.1" 200 -
INFO:werkzeug:127.0.0.1 - - [06/Mar/2023 21:19:01] "GET / HTTP/1.1" 200 -
INFO:werkzeug:127.0.0.1 - - [06/Mar/2023 21:19:02] "GET / HTTP/1.1" 200 -
INFO:werkzeug:127.0.0.1 - - [06/Mar/2023 21:19:02] "GET / HTTP/1.1" 200 -
INFO:werkzeug:127.0.0.1 - - [06/Mar/2023 21:19:03] "GET / HTTP/1.1" 200 -
INFO:werkzeug:127.0.0.1 - - [06/Mar/2023 21:19:10] "GET / HTTP/1.1" 200 -
INFO:werkzeug:127.0.0.1 - - [06/Mar/2023 21:19:11] "GET / HTTP/1.1" 200 -
INFO:werkzeug:127.0.0.1 - - [06/Mar/2023 21:19:15] "GET / HTTP/1.1" 200 -
INFO:werkzeug:127.0.0.1 - - [06/Mar/2023 21:19:16] "GET / HTTP/1.1" 200 -
INFO:werkzeug: * Detected change in 'C:\\Users\\Decideom\\Desktop\\projet_big_data\\equipe1-projetbigdatabi2022\\Application\\app.py', reloading
INFO:werkzeug: * Detected change in 'C:\\Users\\Decideom\\Desktop\\projet_big_data\\equipe1-projetbigdatabi2022\\Application\\app.py', reloading
WARNING:werkzeug: * Debugger is active!
WARNING:werkzeug: * Debugger is active!
INFO:werkzeug: * Debugger PIN: 684-407-663
INFO:werkzeug: * Debugger PIN: 684-407-663
INFO:werkzeug:127.0.0.1 - - [06/Mar/2023 21:19:30] "GET / HTTP/1.1" 200 -
INFO:werkzeug: * Detected change in 'C:\\Users\\Decideom\\Desktop\\projet_big_data\\equipe1-projetbigdatabi2022\\Application\\app.py', reloading
INFO:werkzeug: * Detected change in 'C:\\Users\\Decideom\\Desktop\\projet_big_data\\equipe1-projetbigdatabi2022\\Application\\app.py', reloading
WARNING:werkzeug: * Debugger is active!
INFO:werkzeug: * Debugger PIN: 684-407-663
INFO:werkzeug:127.0.0.1 - - [06/Mar/2023 21:19:39] "GET / HTTP/1.1" 200 -
INFO:werkzeug:127.0.0.1 - - [06/Mar/2023 21:19:44] "GET / HTTP/1.1" 200 -
INFO:werkzeug: * Detected change in 'C:\\Users\\Decideom\\Desktop\\projet_big_data\\equipe1-projetbigdatabi2022\\Application\\app.py', reloading
INFO:werkzeug: * Detected change in 'C:\\Users\\Decideom\\Desktop\\projet_big_data\\equipe1-projetbigdatabi2022\\Application\\app.py', reloading
WARNING:werkzeug: * Debugger is active!
INFO:werkzeug: * Debugger PIN: 684-407-663
WARNING:werkzeug: * Debugger is active!
INFO:werkzeug: * Debugger PIN: 684-407-663
INFO:werkzeug:127.0.0.1 - - [06/Mar/2023 21:19:49] "GET / HTTP/1.1" 200 -
ERROR:app:Exception on /predict [POST]
Traceback (most recent call last):
  File "C:\Python310\lib\site-packages\flask\app.py", line 2528, in wsgi_app
    response = self.full_dispatch_request()
  File "C:\Python310\lib\site-packages\flask\app.py", line 1825, in full_dispatch_request
    rv = self.handle_user_exception(e)
  File "C:\Python310\lib\site-packages\flask\app.py", line 1823, in full_dispatch_request
    rv = self.dispatch_request()
  File "C:\Python310\lib\site-packages\flask\app.py", line 1799, in dispatch_request
    return self.ensure_sync(self.view_functions[rule.endpoint])(**view_args)
  File "C:\Users\Decideom\Desktop\projet_big_data\equipe1-projetbigdatabi2022\Application\app.py", line 18, in predict
    surface_habitable = request.form['surface_habitable']
NameError: name 'request' is not defined
INFO:werkzeug:127.0.0.1 - - [06/Mar/2023 21:20:07] "[35m[1mPOST /predict HTTP/1.1[0m" 500 -
INFO:werkzeug: * Detected change in 'C:\\Users\\Decideom\\Desktop\\projet_big_data\\equipe1-projetbigdatabi2022\\Application\\app.py', reloading
INFO:werkzeug: * Detected change in 'C:\\Users\\Decideom\\Desktop\\projet_big_data\\equipe1-projetbigdatabi2022\\Application\\app.py', reloading
WARNING:werkzeug: * Debugger is active!
WARNING:werkzeug: * Debugger is active!
INFO:werkzeug: * Debugger PIN: 684-407-663
INFO:werkzeug: * Debugger PIN: 684-407-663
INFO:werkzeug:127.0.0.1 - - [06/Mar/2023 21:21:06] "POST /predict HTTP/1.1" 200 -
INFO:werkzeug:127.0.0.1 - - [06/Mar/2023 21:21:14] "POST /predict HTTP/1.1" 200 -
INFO:werkzeug: * Detected change in 'C:\\Users\\Decideom\\Desktop\\projet_big_data\\equipe1-projetbigdatabi2022\\Application\\app.py', reloading
INFO:werkzeug: * Detected change in 'C:\\Users\\Decideom\\Desktop\\projet_big_data\\equipe1-projetbigdatabi2022\\Application\\app.py', reloading
WARNING:werkzeug: * Debugger is active!
WARNING:werkzeug: * Debugger is active!
INFO:werkzeug: * Debugger PIN: 684-407-663
INFO:werkzeug: * Detected change in 'C:\\Users\\Decideom\\Desktop\\projet_big_data\\equipe1-projetbigdatabi2022\\Application\\app.py', reloading
INFO:werkzeug: * Detected change in 'C:\\Users\\Decideom\\Desktop\\projet_big_data\\equipe1-projetbigdatabi2022\\Application\\app.py', reloading
WARNING:werkzeug: * Debugger is active!
INFO:werkzeug: * Debugger PIN: 684-407-663
INFO:werkzeug: * Debugger PIN: 684-407-663
INFO:werkzeug: * Detected change in 'C:\\Users\\Decideom\\Desktop\\projet_big_data\\equipe1-projetbigdatabi2022\\Application\\app.py', reloading
INFO:werkzeug: * Detected change in 'C:\\Users\\Decideom\\Desktop\\projet_big_data\\equipe1-projetbigdatabi2022\\Application\\app.py', reloading
WARNING:werkzeug: * Debugger is active!
WARNING:werkzeug: * Debugger is active!
INFO:werkzeug: * Debugger PIN: 684-407-663
INFO:werkzeug: * Debugger PIN: 684-407-663
INFO:werkzeug:127.0.0.1 - - [06/Mar/2023 21:39:13] "GET / HTTP/1.1" 200 -
INFO:werkzeug: * Detected change in 'C:\\Users\\Decideom\\Desktop\\projet_big_data\\equipe1-projetbigdatabi2022\\Application\\app.py', reloading
WARNING:werkzeug: * Debugger is active!
INFO:werkzeug: * Debugger PIN: 684-407-663
INFO:werkzeug: * Detected change in 'C:\\Users\\Decideom\\Desktop\\projet_big_data\\equipe1-projetbigdatabi2022\\Application\\app.py', reloading
WARNING:werkzeug: * Debugger is active!
INFO:werkzeug: * Debugger PIN: 684-407-663
INFO:werkzeug: * Detected change in 'C:\\Users\\Decideom\\Desktop\\projet_big_data\\equipe1-projetbigdatabi2022\\Application\\app.py', reloading
INFO:werkzeug: * Detected change in 'C:\\Users\\Decideom\\Desktop\\projet_big_data\\equipe1-projetbigdatabi2022\\Application\\app.py', reloading
WARNING:werkzeug: * Debugger is active!
INFO:werkzeug: * Debugger PIN: 684-407-663
WARNING:werkzeug: * Debugger is active!
INFO:werkzeug: * Debugger PIN: 684-407-663
INFO:werkzeug:[31m[1mWARNING: This is a development server. Do not use it in a production deployment. Use a production WSGI server instead.[0m
 * Running on http://127.0.0.1:5000
INFO:werkzeug:[33mPress CTRL+C to quit[0m
INFO:werkzeug: * Restarting with stat
WARNING:werkzeug: * Debugger is active!
INFO:werkzeug: * Debugger PIN: 684-407-663
INFO:werkzeug:[31m[1mWARNING: This is a development server. Do not use it in a production deployment. Use a production WSGI server instead.[0m
 * Running on http://127.0.0.1:5000
INFO:werkzeug:[33mPress CTRL+C to quit[0m
INFO:werkzeug: * Restarting with stat
WARNING:werkzeug: * Debugger is active!
INFO:werkzeug: * Debugger PIN: 684-407-663
INFO:werkzeug:[31m[1mWARNING: This is a development server. Do not use it in a production deployment. Use a production WSGI server instead.[0m
 * Running on http://127.0.0.1:5000
INFO:werkzeug:[33mPress CTRL+C to quit[0m
INFO:werkzeug: * Restarting with stat
WARNING:werkzeug: * Debugger is active!
INFO:werkzeug: * Debugger PIN: 684-407-663
INFO:werkzeug:[31m[1mWARNING: This is a development server. Do not use it in a production deployment. Use a production WSGI server instead.[0m
 * Running on http://127.0.0.1:5000
INFO:werkzeug:[33mPress CTRL+C to quit[0m
INFO:werkzeug: * Restarting with stat
WARNING:werkzeug: * Debugger is active!
INFO:werkzeug: * Debugger PIN: 684-407-663
INFO:werkzeug:[31m[1mWARNING: This is a development server. Do not use it in a production deployment. Use a production WSGI server instead.[0m
 * Running on http://127.0.0.1:5000
INFO:werkzeug:[33mPress CTRL+C to quit[0m
INFO:werkzeug: * Restarting with stat
WARNING:werkzeug: * Debugger is active!
INFO:werkzeug: * Debugger PIN: 684-407-663
INFO:werkzeug: * Detected change in 'C:\\Users\\Decideom\\Desktop\\projet_big_data\\equipe1-projetbigdatabi2022\\Application\\app.py', reloading
INFO:werkzeug: * Restarting with stat
WARNING:werkzeug: * Debugger is active!
INFO:werkzeug: * Debugger PIN: 684-407-663
INFO:werkzeug: * Detected change in 'C:\\Users\\Decideom\\Desktop\\projet_big_data\\equipe1-projetbigdatabi2022\\Application\\app.py', reloading
INFO:werkzeug: * Restarting with stat
WARNING:werkzeug: * Debugger is active!
INFO:werkzeug: * Debugger PIN: 684-407-663
INFO:werkzeug:127.0.0.1 - - [12/Mar/2023 18:33:21] "GET / HTTP/1.1" 200 -
INFO:werkzeug: * Detected change in 'C:\\Users\\Decideom\\Desktop\\projet_big_data\\equipe1-projetbigdatabi2022\\Application\\app.py', reloading
INFO:werkzeug: * Restarting with stat
WARNING:werkzeug: * Debugger is active!
INFO:werkzeug: * Debugger PIN: 684-407-663
INFO:werkzeug:127.0.0.1 - - [12/Mar/2023 18:34:47] "GET / HTTP/1.1" 200 -
